2025-07-24 09:36:08,867 - elsapy.elsclient - INFO - Module loaded.
2025-07-24 09:36:08,869 - elsapy.elsentity - INFO - Module loaded.
2025-07-24 09:36:08,870 - elsapy.elsdoc - INFO - Module loaded.
2025-07-24 09:36:09,673 - elsapy.utils - INFO - Module loaded.
2025-07-24 09:36:09,674 - elsapy.elssearch - INFO - Module loaded.
2025-07-24 09:37:13,557 - elsapy.elsclient - INFO - Module loaded.
2025-07-24 09:37:13,557 - elsapy.elsentity - INFO - Module loaded.
2025-07-24 09:37:13,557 - elsapy.elsdoc - INFO - Module loaded.
2025-07-24 09:37:14,061 - elsapy.utils - INFO - Module loaded.
2025-07-24 09:37:14,062 - elsapy.elssearch - INFO - Module loaded.
2025-07-24 09:48:25,934 - elsapy.elsclient - INFO - Module loaded.
2025-07-24 09:48:25,938 - elsapy.elsentity - INFO - Module loaded.
2025-07-24 09:48:25,938 - elsapy.elsdoc - INFO - Module loaded.
2025-07-24 09:48:26,451 - elsapy.utils - INFO - Module loaded.
2025-07-24 09:48:26,451 - elsapy.elssearch - INFO - Module loaded.
2025-07-24 09:52:32,489 - elsapy.elsclient - INFO - Module loaded.
2025-07-24 09:52:32,489 - elsapy.elsentity - INFO - Module loaded.
2025-07-24 09:52:32,489 - elsapy.elsdoc - INFO - Module loaded.
2025-07-24 09:52:32,968 - elsapy.utils - INFO - Module loaded.
2025-07-24 09:52:32,968 - elsapy.elssearch - INFO - Module loaded.
2025-07-24 09:54:42,385 - elsapy.elsclient - INFO - Module loaded.
2025-07-24 09:54:42,385 - elsapy.elsentity - INFO - Module loaded.
2025-07-24 09:54:42,385 - elsapy.elsdoc - INFO - Module loaded.
2025-07-24 09:54:42,876 - elsapy.utils - INFO - Module loaded.
2025-07-24 09:54:42,878 - elsapy.elssearch - INFO - Module loaded.
2025-07-24 09:57:25,607 - elsapy.elsclient - INFO - Module loaded.
2025-07-24 09:57:25,607 - elsapy.elsentity - INFO - Module loaded.
2025-07-24 09:57:25,611 - elsapy.elsdoc - INFO - Module loaded.
2025-07-24 09:57:26,112 - elsapy.utils - INFO - Module loaded.
2025-07-24 09:57:26,112 - elsapy.elssearch - INFO - Module loaded.
2025-07-24 10:03:19,507 - elsapy.elsclient - INFO - Module loaded.
2025-07-24 10:03:19,511 - elsapy.elsentity - INFO - Module loaded.
2025-07-24 10:03:19,511 - elsapy.elsdoc - INFO - Module loaded.
2025-07-24 10:03:20,026 - elsapy.utils - INFO - Module loaded.
2025-07-24 10:03:20,026 - elsapy.elssearch - INFO - Module loaded.
2025-07-24 10:03:37,507 - elsapy.elsclient - INFO - Module loaded.
2025-07-24 10:03:37,510 - elsapy.elsentity - INFO - Module loaded.
2025-07-24 10:03:37,510 - elsapy.elsdoc - INFO - Module loaded.
2025-07-24 10:03:38,012 - elsapy.utils - INFO - Module loaded.
2025-07-24 10:03:38,012 - elsapy.elssearch - INFO - Module loaded.
2025-07-24 10:03:49,622 - elsapy.elsclient - INFO - Module loaded.
2025-07-24 10:03:49,625 - elsapy.elsentity - INFO - Module loaded.
2025-07-24 10:03:49,625 - elsapy.elsdoc - INFO - Module loaded.
2025-07-24 10:03:50,193 - elsapy.utils - INFO - Module loaded.
2025-07-24 10:03:50,193 - elsapy.elssearch - INFO - Module loaded.
2025-07-24 10:07:21,237 - elsapy.elsclient - INFO - Module loaded.
2025-07-24 10:07:21,240 - elsapy.elsentity - INFO - Module loaded.
2025-07-24 10:07:21,241 - elsapy.elsdoc - INFO - Module loaded.
2025-07-24 10:07:21,743 - elsapy.utils - INFO - Module loaded.
2025-07-24 10:07:21,743 - elsapy.elssearch - INFO - Module loaded.
2025-07-24 10:09:17,728 - elsapy.elsclient - INFO - Module loaded.
2025-07-24 10:09:17,730 - elsapy.elsentity - INFO - Module loaded.
2025-07-24 10:09:17,730 - elsapy.elsdoc - INFO - Module loaded.
2025-07-24 10:09:18,251 - elsapy.utils - INFO - Module loaded.
2025-07-24 10:09:18,251 - elsapy.elssearch - INFO - Module loaded.
