2025-07-23 17:54:37,859 - elsapy.elsclient - INFO - Module loaded.
2025-07-23 17:54:37,862 - elsapy.elsentity - INFO - Module loaded.
2025-07-23 17:54:37,862 - elsapy.elsdoc - INFO - Module loaded.
2025-07-23 17:54:38,558 - elsapy.utils - INFO - Module loaded.
2025-07-23 17:54:38,558 - elsapy.elssearch - INFO - Module loaded.
2025-07-23 18:18:22,403 - elsapy.elsclient - INFO - Module loaded.
2025-07-23 18:18:22,403 - elsapy.elsentity - INFO - Module loaded.
2025-07-23 18:18:22,407 - elsapy.elsdoc - INFO - Module loaded.
2025-07-23 18:18:22,886 - elsapy.utils - INFO - Module loaded.
2025-07-23 18:18:22,886 - elsapy.elssearch - INFO - Module loaded.
2025-07-23 18:21:31,385 - elsapy.elsclient - INFO - Module loaded.
2025-07-23 18:21:31,388 - elsapy.elsentity - INFO - Module loaded.
2025-07-23 18:21:31,388 - elsapy.elsdoc - INFO - Module loaded.
2025-07-23 18:21:31,876 - elsapy.utils - INFO - Module loaded.
2025-07-23 18:21:31,876 - elsapy.elssearch - INFO - Module loaded.
2025-07-23 18:22:03,983 - elsapy.elsclient - INFO - Module loaded.
2025-07-23 18:22:03,983 - elsapy.elsentity - INFO - Module loaded.
2025-07-23 18:22:03,983 - elsapy.elsdoc - INFO - Module loaded.
2025-07-23 18:22:04,474 - elsapy.utils - INFO - Module loaded.
2025-07-23 18:22:04,478 - elsapy.elssearch - INFO - Module loaded.
2025-07-23 18:22:48,462 - elsapy.elsclient - INFO - Module loaded.
2025-07-23 18:22:48,462 - elsapy.elsentity - INFO - Module loaded.
2025-07-23 18:22:48,462 - elsapy.elsdoc - INFO - Module loaded.
2025-07-23 18:22:48,963 - elsapy.utils - INFO - Module loaded.
2025-07-23 18:22:48,963 - elsapy.elssearch - INFO - Module loaded.
2025-07-23 18:23:07,376 - elsapy.elsclient - INFO - Module loaded.
2025-07-23 18:23:07,376 - elsapy.elsentity - INFO - Module loaded.
2025-07-23 18:23:07,376 - elsapy.elsdoc - INFO - Module loaded.
2025-07-23 18:23:07,866 - elsapy.utils - INFO - Module loaded.
2025-07-23 18:23:07,866 - elsapy.elssearch - INFO - Module loaded.
2025-07-23 18:39:13,739 - elsapy.elsclient - INFO - Module loaded.
2025-07-23 18:39:13,739 - elsapy.elsentity - INFO - Module loaded.
2025-07-23 18:39:13,739 - elsapy.elsdoc - INFO - Module loaded.
2025-07-23 18:39:14,231 - elsapy.utils - INFO - Module loaded.
2025-07-23 18:39:14,231 - elsapy.elssearch - INFO - Module loaded.
2025-07-23 18:39:55,047 - elsapy.elsclient - INFO - Module loaded.
2025-07-23 18:39:55,052 - elsapy.elsentity - INFO - Module loaded.
2025-07-23 18:39:55,052 - elsapy.elsdoc - INFO - Module loaded.
2025-07-23 18:39:55,516 - elsapy.utils - INFO - Module loaded.
2025-07-23 18:39:55,516 - elsapy.elssearch - INFO - Module loaded.
2025-07-23 18:40:54,398 - elsapy.elsclient - INFO - Module loaded.
2025-07-23 18:40:54,398 - elsapy.elsentity - INFO - Module loaded.
2025-07-23 18:40:54,398 - elsapy.elsdoc - INFO - Module loaded.
2025-07-23 18:40:54,880 - elsapy.utils - INFO - Module loaded.
2025-07-23 18:40:54,880 - elsapy.elssearch - INFO - Module loaded.
2025-07-23 18:41:26,210 - elsapy.elsclient - INFO - Module loaded.
2025-07-23 18:41:26,216 - elsapy.elsentity - INFO - Module loaded.
2025-07-23 18:41:26,216 - elsapy.elsdoc - INFO - Module loaded.
2025-07-23 18:41:26,701 - elsapy.utils - INFO - Module loaded.
2025-07-23 18:41:26,701 - elsapy.elssearch - INFO - Module loaded.
2025-07-23 18:43:05,458 - elsapy.elsclient - INFO - Module loaded.
2025-07-23 18:43:05,462 - elsapy.elsentity - INFO - Module loaded.
2025-07-23 18:43:05,462 - elsapy.elsdoc - INFO - Module loaded.
2025-07-23 18:43:06,024 - elsapy.utils - INFO - Module loaded.
2025-07-23 18:43:06,024 - elsapy.elssearch - INFO - Module loaded.
2025-07-23 22:18:18,194 - elsapy.elsclient - INFO - Module loaded.
2025-07-23 22:18:18,199 - elsapy.elsentity - INFO - Module loaded.
2025-07-23 22:18:18,200 - elsapy.elsdoc - INFO - Module loaded.
2025-07-23 22:18:21,965 - elsapy.utils - INFO - Module loaded.
2025-07-23 22:18:21,966 - elsapy.elssearch - INFO - Module loaded.
2025-07-23 22:21:00,091 - elsapy.elsclient - INFO - Module loaded.
2025-07-23 22:21:00,093 - elsapy.elsentity - INFO - Module loaded.
2025-07-23 22:21:00,094 - elsapy.elsdoc - INFO - Module loaded.
2025-07-23 22:21:00,812 - elsapy.utils - INFO - Module loaded.
2025-07-23 22:21:00,812 - elsapy.elssearch - INFO - Module loaded.
2025-07-23 22:22:10,371 - elsapy.elsclient - INFO - Module loaded.
2025-07-23 22:22:10,376 - elsapy.elsentity - INFO - Module loaded.
2025-07-23 22:22:10,377 - elsapy.elsdoc - INFO - Module loaded.
2025-07-23 22:22:11,229 - elsapy.utils - INFO - Module loaded.
2025-07-23 22:22:11,229 - elsapy.elssearch - INFO - Module loaded.
2025-07-23 22:31:23,924 - elsapy.elsclient - INFO - Module loaded.
2025-07-23 22:31:23,928 - elsapy.elsentity - INFO - Module loaded.
2025-07-23 22:31:23,928 - elsapy.elsdoc - INFO - Module loaded.
2025-07-23 22:31:24,456 - elsapy.utils - INFO - Module loaded.
2025-07-23 22:31:24,456 - elsapy.elssearch - INFO - Module loaded.
2025-07-23 22:31:56,432 - elsapy.elsclient - INFO - Module loaded.
2025-07-23 22:31:56,436 - elsapy.elsentity - INFO - Module loaded.
2025-07-23 22:31:56,437 - elsapy.elsdoc - INFO - Module loaded.
2025-07-23 22:31:56,966 - elsapy.utils - INFO - Module loaded.
2025-07-23 22:31:56,966 - elsapy.elssearch - INFO - Module loaded.
2025-07-23 22:33:36,224 - elsapy.elsclient - INFO - Module loaded.
2025-07-23 22:33:36,229 - elsapy.elsentity - INFO - Module loaded.
2025-07-23 22:33:36,229 - elsapy.elsdoc - INFO - Module loaded.
2025-07-23 22:33:36,801 - elsapy.utils - INFO - Module loaded.
2025-07-23 22:33:36,801 - elsapy.elssearch - INFO - Module loaded.
2025-07-23 22:39:23,324 - elsapy.elsclient - INFO - Module loaded.
2025-07-23 22:39:23,326 - elsapy.elsentity - INFO - Module loaded.
2025-07-23 22:39:23,327 - elsapy.elsdoc - INFO - Module loaded.
2025-07-23 22:39:23,901 - elsapy.utils - INFO - Module loaded.
2025-07-23 22:39:23,902 - elsapy.elssearch - INFO - Module loaded.
2025-07-23 22:46:57,148 - elsapy.elsclient - INFO - Module loaded.
2025-07-23 22:46:57,150 - elsapy.elsentity - INFO - Module loaded.
2025-07-23 22:46:57,150 - elsapy.elsdoc - INFO - Module loaded.
2025-07-23 22:46:57,677 - elsapy.utils - INFO - Module loaded.
2025-07-23 22:46:57,677 - elsapy.elssearch - INFO - Module loaded.
2025-07-23 22:57:50,656 - elsapy.elsclient - INFO - Module loaded.
2025-07-23 22:57:50,658 - elsapy.elsentity - INFO - Module loaded.
2025-07-23 22:57:50,659 - elsapy.elsdoc - INFO - Module loaded.
2025-07-23 22:57:51,198 - elsapy.utils - INFO - Module loaded.
2025-07-23 22:57:51,198 - elsapy.elssearch - INFO - Module loaded.
2025-07-23 23:34:37,895 - elsapy.elsclient - INFO - Module loaded.
2025-07-23 23:34:37,900 - elsapy.elsentity - INFO - Module loaded.
2025-07-23 23:34:37,901 - elsapy.elsdoc - INFO - Module loaded.
2025-07-23 23:34:38,758 - elsapy.utils - INFO - Module loaded.
2025-07-23 23:34:38,758 - elsapy.elssearch - INFO - Module loaded.
